-------------------------------------------------------------------------------
Test set: com.group7.krisefikser.controller.NotificationControllerTest
-------------------------------------------------------------------------------
Tests run: 2, Failures: 2, Errors: 0, Skipped: 0, Time elapsed: 0.506 s <<< FAILURE! -- in com.group7.krisefikser.controller.NotificationControllerTest
com.group7.krisefikser.controller.NotificationControllerTest.testGetIncidentsNotificationsSuccess -- Time elapsed: 0.014 s <<< FAILURE!
java.lang.AssertionError: Status expected:<200> but was:<400>
	at org.springframework.test.util.AssertionErrors.fail(AssertionErrors.java:61)
	at org.springframework.test.util.AssertionErrors.assertEquals(AssertionErrors.java:128)
	at org.springframework.test.web.servlet.result.StatusResultMatchers.lambda$matcher$9(StatusResultMatchers.java:640)
	at org.springframework.test.web.servlet.MockMvc$1.andExpect(MockMvc.java:214)
	at com.group7.krisefikser.controller.NotificationControllerTest.testGetIncidentsNotificationsSuccess(NotificationControllerTest.java:48)
	at java.base/java.lang.reflect.Method.invoke(Method.java:580)
	at java.base/java.util.ArrayList.forEach(ArrayList.java:1597)
	at java.base/java.util.ArrayList.forEach(ArrayList.java:1597)

com.group7.krisefikser.controller.NotificationControllerTest.testGetIncidentsNotificationsFailure -- Time elapsed: 0.006 s <<< FAILURE!
java.lang.AssertionError: Status expected:<500> but was:<400>
	at org.springframework.test.util.AssertionErrors.fail(AssertionErrors.java:61)
	at org.springframework.test.util.AssertionErrors.assertEquals(AssertionErrors.java:128)
	at org.springframework.test.web.servlet.result.StatusResultMatchers.lambda$matcher$9(StatusResultMatchers.java:640)
	at org.springframework.test.web.servlet.MockMvc$1.andExpect(MockMvc.java:214)
	at com.group7.krisefikser.controller.NotificationControllerTest.testGetIncidentsNotificationsFailure(NotificationControllerTest.java:62)
	at java.base/java.lang.reflect.Method.invoke(Method.java:580)
	at java.base/java.util.ArrayList.forEach(ArrayList.java:1597)
	at java.base/java.util.ArrayList.forEach(ArrayList.java:1597)

