<?xml version="1.0" encoding="UTF-8"?>
<testsuite xmlns:xsi="http://www.w3.org/2001/XMLSchema-instance" xsi:noNamespaceSchemaLocation="https://maven.apache.org/surefire/maven-surefire-plugin/xsd/surefire-test-report.xsd" version="3.0.2" name="com.group7.krisefikser.controller.HcaptchaControllerTest" time="0.848" tests="2" errors="0" skipped="0" failures="0">
  <properties>
[...]
</properties>
  <testcase name="testFailedVerification" classname="com.group7.krisefikser.controller.HcaptchaControllerTest" time="0.336">
    <system-out><![CDATA[2025-05-09T18:28:11.626+02:00  INFO 56078 --- [krisefikser] [           main] t.c.s.AnnotationConfigContextLoaderUtils : Could not detect default configuration classes for test class [com.group7.krisefikser.controller.HcaptchaControllerTest]: HcaptchaControllerTest does not declare any static, non-private, non-final, nested classes annotated with @Configuration.
2025-05-09T18:28:11.627+02:00  INFO 56078 --- [krisefikser] [           main] .b.t.c.SpringBootTestContextBootstrapper : Found @SpringBootConfiguration com.group7.krisefikser.KrisefikserApplication for test class com.group7.krisefikser.controller.HcaptchaControllerTest
2025-05-09T18:28:11.629+02:00  INFO 56078 --- [krisefikser] [           main] o.s.b.d.r.RestartApplicationListener     : Restart disabled due to context in which it is running

  .   ____          _            __ _ _
 /\\ / ___'_ __ _ _(_)_ __  __ _ \ \ \ \
( ( )\___ | '_ | '_| | '_ \/ _` | \ \ \ \
 \\/  ___)| |_)| | | | | || (_| |  ) ) ) )
  '  |____| .__|_| |_|_| |_\__, | / / / /
 =========|_|==============|___/=/_/_/_/

 :: Spring Boot ::                (v3.4.5)

2025-05-09T18:28:11.637+02:00  INFO 56078 --- [krisefikser] [           main] c.g.k.controller.HcaptchaControllerTest  : Starting HcaptchaControllerTest using Java 22.0.2 with PID 56078 (started by johanarntsen in /Users/johanarntsen/Documents/Systemutvikling 2/KRISEFIKSER/krisefikser-backend)
2025-05-09T18:28:11.637+02:00  INFO 56078 --- [krisefikser] [           main] c.g.k.controller.HcaptchaControllerTest  : The following 1 profile is active: "test"
2025-05-09T18:28:11.774+02:00  INFO 56078 --- [krisefikser] [           main] .s.d.r.c.RepositoryConfigurationDelegate : Bootstrapping Spring Data JPA repositories in DEFAULT mode.
2025-05-09T18:28:11.780+02:00  INFO 56078 --- [krisefikser] [           main] .s.d.r.c.RepositoryConfigurationDelegate : Finished Spring Data repository scanning in 5 ms. Found 0 JPA repository interfaces.
2025-05-09T18:28:11.859+02:00  INFO 56078 --- [krisefikser] [           main] com.zaxxer.hikari.HikariDataSource       : HikariPool-14 - Starting...
2025-05-09T18:28:11.860+02:00  INFO 56078 --- [krisefikser] [           main] com.zaxxer.hikari.pool.HikariPool        : HikariPool-14 - Added connection conn130: url=jdbc:h2:mem:testdb user=SA
2025-05-09T18:28:11.860+02:00  INFO 56078 --- [krisefikser] [           main] com.zaxxer.hikari.HikariDataSource       : HikariPool-14 - Start completed.
2025-05-09T18:28:11.861+02:00  INFO 56078 --- [krisefikser] [           main] org.flywaydb.core.FlywayExecutor         : Database: jdbc:h2:mem:testdb (H2 2.3)
2025-05-09T18:28:11.862+02:00  WARN 56078 --- [krisefikser] [           main] o.f.c.internal.database.base.Database    : Flyway upgrade recommended: H2 2.3.232 is newer than this version of Flyway and support has not been tested. The latest supported version of H2 is 2.2.224.
2025-05-09T18:28:11.865+02:00  INFO 56078 --- [krisefikser] [           main] o.f.core.internal.command.DbValidate     : Successfully validated 8 migrations (execution time 00:00.002s)
2025-05-09T18:28:11.867+02:00  INFO 56078 --- [krisefikser] [           main] o.f.core.internal.command.DbMigrate      : Current version of schema "public": 1000
2025-05-09T18:28:11.867+02:00  INFO 56078 --- [krisefikser] [           main] o.f.core.internal.command.DbMigrate      : Schema "public" is up to date. No migration necessary.
2025-05-09T18:28:11.881+02:00  INFO 56078 --- [krisefikser] [           main] o.hibernate.jpa.internal.util.LogHelper  : HHH000204: Processing PersistenceUnitInfo [name: default]
2025-05-09T18:28:11.882+02:00  INFO 56078 --- [krisefikser] [           main] o.h.c.internal.RegionFactoryInitiator    : HHH000026: Second-level cache disabled
2025-05-09T18:28:11.887+02:00  INFO 56078 --- [krisefikser] [           main] o.s.o.j.p.SpringPersistenceUnitInfo      : No LoadTimeWeaver setup: ignoring JPA class transformer
2025-05-09T18:28:11.888+02:00  WARN 56078 --- [krisefikser] [           main] org.hibernate.orm.deprecation            : HHH90000025: H2Dialect does not need to be specified explicitly using 'hibernate.dialect' (remove the property setting and it will be selected by default)
2025-05-09T18:28:11.888+02:00  INFO 56078 --- [krisefikser] [           main] org.hibernate.orm.connections.pooling    : HHH10001005: Database info:
	Database JDBC URL [Connecting through datasource 'HikariDataSource (HikariPool-14)']
	Database driver: undefined/unknown
	Database version: 2.3.232
	Autocommit mode: undefined/unknown
	Isolation level: undefined/unknown
	Minimum pool size: undefined/unknown
	Maximum pool size: undefined/unknown
2025-05-09T18:28:11.897+02:00  INFO 56078 --- [krisefikser] [           main] o.h.e.t.j.p.i.JtaPlatformInitiator       : HHH000489: No JTA platform available (set 'hibernate.transaction.jta.platform' to enable JTA platform integration)
2025-05-09T18:28:11.897+02:00  INFO 56078 --- [krisefikser] [           main] j.LocalContainerEntityManagerFactoryBean : Initialized JPA EntityManagerFactory for persistence unit 'default'
2025-05-09T18:28:11.944+02:00  WARN 56078 --- [krisefikser] [           main] JpaBaseConfiguration$JpaWebConfiguration : spring.jpa.open-in-view is enabled by default. Therefore, database queries may be performed during view rendering. Explicitly configure spring.jpa.open-in-view to disable this warning
2025-05-09T18:28:11.950+02:00  INFO 56078 --- [krisefikser] [           main] r$InitializeUserDetailsManagerConfigurer : Global AuthenticationManager configured with UserDetailsService bean with name userService
2025-05-09T18:28:12.087+02:00  INFO 56078 --- [krisefikser] [           main] o.s.b.t.m.w.SpringBootMockServletContext : Initializing Spring TestDispatcherServlet ''
2025-05-09T18:28:12.088+02:00  INFO 56078 --- [krisefikser] [           main] o.s.t.web.servlet.TestDispatcherServlet  : Initializing Servlet ''
2025-05-09T18:28:12.088+02:00  INFO 56078 --- [krisefikser] [           main] o.s.t.web.servlet.TestDispatcherServlet  : Completed initialization in 0 ms
2025-05-09T18:28:12.093+02:00  INFO 56078 --- [krisefikser] [           main] c.g.k.controller.HcaptchaControllerTest  : Started HcaptchaControllerTest in 0.464 seconds (process running for 18.325)
]]></system-out>
  </testcase>
  <testcase name="testSuccessfulVerificationWithTestKey" classname="com.group7.krisefikser.controller.HcaptchaControllerTest" time="0.042"/>
</testsuite>