<?xml version="1.0" encoding="UTF-8"?>
<testsuite xmlns:xsi="http://www.w3.org/2001/XMLSchema-instance" xsi:noNamespaceSchemaLocation="https://maven.apache.org/surefire/maven-surefire-plugin/xsd/surefire-test-report.xsd" version="3.0.2" name="com.group7.krisefikser.controller.PointOfInterestControllerTest" time="0.651" tests="16" errors="0" skipped="0" failures="0">
  <properties>
[...]
</properties>
  <testcase name="addPointOfInterest_validRequest_returnsCreated" classname="com.group7.krisefikser.controller.PointOfInterestControllerTest" time="0.024">
    <system-out><![CDATA[2025-05-09T18:28:08.232+02:00  INFO 56078 --- [krisefikser] [           main] t.c.s.AnnotationConfigContextLoaderUtils : Could not detect default configuration classes for test class [com.group7.krisefikser.controller.PointOfInterestControllerTest]: PointOfInterestControllerTest does not declare any static, non-private, non-final, nested classes annotated with @Configuration.
2025-05-09T18:28:08.234+02:00  INFO 56078 --- [krisefikser] [           main] .b.t.c.SpringBootTestContextBootstrapper : Found @SpringBootConfiguration com.group7.krisefikser.KrisefikserApplication for test class com.group7.krisefikser.controller.PointOfInterestControllerTest
2025-05-09T18:28:08.237+02:00  INFO 56078 --- [krisefikser] [           main] o.s.b.d.r.RestartApplicationListener     : Restart disabled due to context in which it is running

  .   ____          _            __ _ _
 /\\ / ___'_ __ _ _(_)_ __  __ _ \ \ \ \
( ( )\___ | '_ | '_| | '_ \/ _` | \ \ \ \
 \\/  ___)| |_)| | | | | || (_| |  ) ) ) )
  '  |____| .__|_| |_|_| |_\__, | / / / /
 =========|_|==============|___/=/_/_/_/

 :: Spring Boot ::                (v3.4.5)

2025-05-09T18:28:08.249+02:00  INFO 56078 --- [krisefikser] [           main] c.g.k.c.PointOfInterestControllerTest    : Starting PointOfInterestControllerTest using Java 22.0.2 with PID 56078 (started by johanarntsen in /Users/johanarntsen/Documents/Systemutvikling 2/KRISEFIKSER/krisefikser-backend)
2025-05-09T18:28:08.249+02:00  INFO 56078 --- [krisefikser] [           main] c.g.k.c.PointOfInterestControllerTest    : The following 1 profile is active: "test"
2025-05-09T18:28:08.388+02:00  INFO 56078 --- [krisefikser] [           main] .s.d.r.c.RepositoryConfigurationDelegate : Bootstrapping Spring Data JPA repositories in DEFAULT mode.
2025-05-09T18:28:08.397+02:00  INFO 56078 --- [krisefikser] [           main] .s.d.r.c.RepositoryConfigurationDelegate : Finished Spring Data repository scanning in 6 ms. Found 0 JPA repository interfaces.
2025-05-09T18:28:08.492+02:00  INFO 56078 --- [krisefikser] [           main] com.zaxxer.hikari.HikariDataSource       : HikariPool-8 - Starting...
2025-05-09T18:28:08.493+02:00  INFO 56078 --- [krisefikser] [           main] com.zaxxer.hikari.pool.HikariPool        : HikariPool-8 - Added connection conn70: url=jdbc:h2:mem:testdb user=SA
2025-05-09T18:28:08.493+02:00  INFO 56078 --- [krisefikser] [           main] com.zaxxer.hikari.HikariDataSource       : HikariPool-8 - Start completed.
2025-05-09T18:28:08.494+02:00  INFO 56078 --- [krisefikser] [           main] org.flywaydb.core.FlywayExecutor         : Database: jdbc:h2:mem:testdb (H2 2.3)
2025-05-09T18:28:08.494+02:00  WARN 56078 --- [krisefikser] [           main] o.f.c.internal.database.base.Database    : Flyway upgrade recommended: H2 2.3.232 is newer than this version of Flyway and support has not been tested. The latest supported version of H2 is 2.2.224.
2025-05-09T18:28:08.499+02:00  INFO 56078 --- [krisefikser] [           main] o.f.core.internal.command.DbValidate     : Successfully validated 8 migrations (execution time 00:00.003s)
2025-05-09T18:28:08.501+02:00  INFO 56078 --- [krisefikser] [           main] o.f.core.internal.command.DbMigrate      : Current version of schema "public": 1000
2025-05-09T18:28:08.501+02:00  INFO 56078 --- [krisefikser] [           main] o.f.core.internal.command.DbMigrate      : Schema "public" is up to date. No migration necessary.
2025-05-09T18:28:08.513+02:00  INFO 56078 --- [krisefikser] [           main] o.hibernate.jpa.internal.util.LogHelper  : HHH000204: Processing PersistenceUnitInfo [name: default]
2025-05-09T18:28:08.514+02:00  INFO 56078 --- [krisefikser] [           main] o.h.c.internal.RegionFactoryInitiator    : HHH000026: Second-level cache disabled
2025-05-09T18:28:08.518+02:00  INFO 56078 --- [krisefikser] [           main] o.s.o.j.p.SpringPersistenceUnitInfo      : No LoadTimeWeaver setup: ignoring JPA class transformer
2025-05-09T18:28:08.519+02:00  WARN 56078 --- [krisefikser] [           main] org.hibernate.orm.deprecation            : HHH90000025: H2Dialect does not need to be specified explicitly using 'hibernate.dialect' (remove the property setting and it will be selected by default)
2025-05-09T18:28:08.519+02:00  INFO 56078 --- [krisefikser] [           main] org.hibernate.orm.connections.pooling    : HHH10001005: Database info:
	Database JDBC URL [Connecting through datasource 'HikariDataSource (HikariPool-8)']
	Database driver: undefined/unknown
	Database version: 2.3.232
	Autocommit mode: undefined/unknown
	Isolation level: undefined/unknown
	Minimum pool size: undefined/unknown
	Maximum pool size: undefined/unknown
2025-05-09T18:28:08.528+02:00  INFO 56078 --- [krisefikser] [           main] o.h.e.t.j.p.i.JtaPlatformInitiator       : HHH000489: No JTA platform available (set 'hibernate.transaction.jta.platform' to enable JTA platform integration)
2025-05-09T18:28:08.529+02:00  INFO 56078 --- [krisefikser] [           main] j.LocalContainerEntityManagerFactoryBean : Initialized JPA EntityManagerFactory for persistence unit 'default'
2025-05-09T18:28:08.580+02:00  WARN 56078 --- [krisefikser] [           main] JpaBaseConfiguration$JpaWebConfiguration : spring.jpa.open-in-view is enabled by default. Therefore, database queries may be performed during view rendering. Explicitly configure spring.jpa.open-in-view to disable this warning
2025-05-09T18:28:08.584+02:00  INFO 56078 --- [krisefikser] [           main] r$InitializeUserDetailsManagerConfigurer : Global AuthenticationManager configured with UserDetailsService bean with name userService
2025-05-09T18:28:08.717+02:00  INFO 56078 --- [krisefikser] [           main] o.s.b.t.m.w.SpringBootMockServletContext : Initializing Spring TestDispatcherServlet ''
2025-05-09T18:28:08.717+02:00  INFO 56078 --- [krisefikser] [           main] o.s.t.web.servlet.TestDispatcherServlet  : Initializing Servlet ''
2025-05-09T18:28:08.717+02:00  INFO 56078 --- [krisefikser] [           main] o.s.t.web.servlet.TestDispatcherServlet  : Completed initialization in 0 ms
2025-05-09T18:28:08.725+02:00  INFO 56078 --- [krisefikser] [           main] c.g.k.c.PointOfInterestControllerTest    : Started PointOfInterestControllerTest in 0.489 seconds (process running for 14.957)
2025-05-09T18:28:08.732+02:00  INFO 56078 --- [krisefikser] [           main] c.g.k.security.JwtAuthorizationFilter    : JWTAuthorizationFilter called for URI: /api/point-of-interest
2025-05-09T18:28:08.732+02:00  WARN 56078 --- [krisefikser] [           main] c.g.k.security.JwtAuthorizationFilter    : No token found in request
2025-05-09T18:28:08.740+02:00  INFO 56078 --- [krisefikser] [           main] c.g.k.c.PointOfInterestController        : Received request to add a new point of interest
2025-05-09T18:28:08.740+02:00  INFO 56078 --- [krisefikser] [           main] c.g.k.c.PointOfInterestController        : Successfully added point of interest
]]></system-out>
  </testcase>
  <testcase name="updatePointOfInterest_unauthorized_returnsForbidden" classname="com.group7.krisefikser.controller.PointOfInterestControllerTest" time="0.004">
    <system-out><![CDATA[2025-05-09T18:28:08.754+02:00  INFO 56078 --- [krisefikser] [           main] c.g.k.security.JwtAuthorizationFilter    : JWTAuthorizationFilter called for URI: /api/point-of-interest/1
2025-05-09T18:28:08.754+02:00  WARN 56078 --- [krisefikser] [           main] c.g.k.security.JwtAuthorizationFilter    : No token found in request
]]></system-out>
  </testcase>
  <testcase name="deletePointOfInterest_unauthorized_returnsForbidden" classname="com.group7.krisefikser.controller.PointOfInterestControllerTest" time="0.003">
    <system-out><![CDATA[2025-05-09T18:28:08.758+02:00  INFO 56078 --- [krisefikser] [           main] c.g.k.security.JwtAuthorizationFilter    : JWTAuthorizationFilter called for URI: /api/point-of-interest/1
2025-05-09T18:28:08.758+02:00  WARN 56078 --- [krisefikser] [           main] c.g.k.security.JwtAuthorizationFilter    : No token found in request
]]></system-out>
  </testcase>
  <testcase name="deletePointOfInterest_internalServerError_returnsInternalServerError" classname="com.group7.krisefikser.controller.PointOfInterestControllerTest" time="0.015">
    <system-out><![CDATA[2025-05-09T18:28:08.763+02:00  INFO 56078 --- [krisefikser] [           main] c.g.k.security.JwtAuthorizationFilter    : JWTAuthorizationFilter called for URI: /api/point-of-interest/1
2025-05-09T18:28:08.764+02:00  WARN 56078 --- [krisefikser] [           main] c.g.k.security.JwtAuthorizationFilter    : No token found in request
2025-05-09T18:28:08.765+02:00  INFO 56078 --- [krisefikser] [           main] c.g.k.c.PointOfInterestController        : Received request to delete point of interest with ID: 1
2025-05-09T18:28:08.765+02:00 ERROR 56078 --- [krisefikser] [           main] c.g.k.c.PointOfInterestController        : Unexpected error: Database error.
]]></system-out>
  </testcase>
  <testcase name="updatePointOfInterest_invalidRequest_returnsBadRequest" classname="com.group7.krisefikser.controller.PointOfInterestControllerTest" time="0.016">
    <system-out><![CDATA[2025-05-09T18:28:08.781+02:00  INFO 56078 --- [krisefikser] [           main] c.g.k.security.JwtAuthorizationFilter    : JWTAuthorizationFilter called for URI: /api/point-of-interest/1
2025-05-09T18:28:08.781+02:00  WARN 56078 --- [krisefikser] [           main] c.g.k.security.JwtAuthorizationFilter    : No token found in request
2025-05-09T18:28:08.789+02:00  INFO 56078 --- [krisefikser] [           main] c.g.k.c.PointOfInterestController        : Received request to update point of interest with ID: 1
2025-05-09T18:28:08.790+02:00 ERROR 56078 --- [krisefikser] [           main] c.g.krisefikser.utils.ValidationUtils    : Validation failed: Latitude cannot be null, Longitude cannot be null, Type cannot be null
]]></system-out>
  </testcase>
  <testcase name="getPointsOfInterest_shouldReturnInternalServerErrorWithEmptyList_whenUnexpectedException" classname="com.group7.krisefikser.controller.PointOfInterestControllerTest" time="0.014">
    <system-out><![CDATA[2025-05-09T18:28:08.797+02:00  INFO 56078 --- [krisefikser] [           main] c.g.k.security.JwtAuthorizationFilter    : JWTAuthorizationFilter called for URI: /api/point-of-interest
2025-05-09T18:28:08.797+02:00  WARN 56078 --- [krisefikser] [           main] c.g.k.security.JwtAuthorizationFilter    : No token found in request
2025-05-09T18:28:08.800+02:00  INFO 56078 --- [krisefikser] [           main] c.g.k.c.PointOfInterestController        : Received request to get points of interest with types: [SHELTER]
2025-05-09T18:28:08.801+02:00 ERROR 56078 --- [krisefikser] [           main] c.g.k.c.PointOfInterestController        : Unexpected error: Database error
]]></system-out>
  </testcase>
  <testcase name="deletePointOfInterest_validId_returnsNoContent" classname="com.group7.krisefikser.controller.PointOfInterestControllerTest" time="0.005">
    <system-out><![CDATA[2025-05-09T18:28:08.812+02:00  INFO 56078 --- [krisefikser] [           main] c.g.k.security.JwtAuthorizationFilter    : JWTAuthorizationFilter called for URI: /api/point-of-interest/1
2025-05-09T18:28:08.812+02:00  WARN 56078 --- [krisefikser] [           main] c.g.k.security.JwtAuthorizationFilter    : No token found in request
2025-05-09T18:28:08.812+02:00  INFO 56078 --- [krisefikser] [           main] c.g.k.c.PointOfInterestController        : Received request to delete point of interest with ID: 1
2025-05-09T18:28:08.812+02:00  INFO 56078 --- [krisefikser] [           main] c.g.k.c.PointOfInterestController        : Successfully deleted point of interest with ID: 1
]]></system-out>
  </testcase>
  <testcase name="updatePointOfInterest_internalServerError_returnsInternalServerError" classname="com.group7.krisefikser.controller.PointOfInterestControllerTest" time="0.007">
    <system-out><![CDATA[2025-05-09T18:28:08.817+02:00  INFO 56078 --- [krisefikser] [           main] c.g.k.security.JwtAuthorizationFilter    : JWTAuthorizationFilter called for URI: /api/point-of-interest/1
2025-05-09T18:28:08.818+02:00  WARN 56078 --- [krisefikser] [           main] c.g.k.security.JwtAuthorizationFilter    : No token found in request
2025-05-09T18:28:08.819+02:00  INFO 56078 --- [krisefikser] [           main] c.g.k.c.PointOfInterestController        : Received request to update point of interest with ID: 1
2025-05-09T18:28:08.819+02:00 ERROR 56078 --- [krisefikser] [           main] c.g.k.c.PointOfInterestController        : Unexpected error: Database connection failed.
]]></system-out>
  </testcase>
  <testcase name="getPointsOfInterest_shouldReturnOkWithPoints_whenServiceReturnsPoints" classname="com.group7.krisefikser.controller.PointOfInterestControllerTest" time="0.007">
    <system-out><![CDATA[2025-05-09T18:28:08.824+02:00  INFO 56078 --- [krisefikser] [           main] c.g.k.security.JwtAuthorizationFilter    : JWTAuthorizationFilter called for URI: /api/point-of-interest
2025-05-09T18:28:08.824+02:00  WARN 56078 --- [krisefikser] [           main] c.g.k.security.JwtAuthorizationFilter    : No token found in request
2025-05-09T18:28:08.825+02:00  INFO 56078 --- [krisefikser] [           main] c.g.k.c.PointOfInterestController        : Received request to get points of interest with types: [SHELTER, WATER_STATION]
2025-05-09T18:28:08.825+02:00  INFO 56078 --- [krisefikser] [           main] c.g.k.c.PointOfInterestController        : Successfully retrieved points of interest
]]></system-out>
  </testcase>
  <testcase name="getPointsOfInterest_shouldReturnBadRequestWithInvalidType_whenIllegalArgumentException" classname="com.group7.krisefikser.controller.PointOfInterestControllerTest" time="0.004">
    <system-out><![CDATA[2025-05-09T18:28:08.832+02:00  INFO 56078 --- [krisefikser] [           main] c.g.k.security.JwtAuthorizationFilter    : JWTAuthorizationFilter called for URI: /api/point-of-interest
2025-05-09T18:28:08.832+02:00  WARN 56078 --- [krisefikser] [           main] c.g.k.security.JwtAuthorizationFilter    : No token found in request
2025-05-09T18:28:08.833+02:00  INFO 56078 --- [krisefikser] [           main] c.g.k.c.PointOfInterestController        : Received request to get points of interest with types: [INVALID_TYPE]
2025-05-09T18:28:08.833+02:00  INFO 56078 --- [krisefikser] [           main] c.g.k.c.PointOfInterestController        : Error retrieving points of interest: Invalid point of interest type provided
]]></system-out>
  </testcase>
  <testcase name="addPointOfInterest_internalServerError_returnsInternalServerError" classname="com.group7.krisefikser.controller.PointOfInterestControllerTest" time="0.006">
    <system-out><![CDATA[2025-05-09T18:28:08.837+02:00  INFO 56078 --- [krisefikser] [           main] c.g.k.security.JwtAuthorizationFilter    : JWTAuthorizationFilter called for URI: /api/point-of-interest
2025-05-09T18:28:08.838+02:00  WARN 56078 --- [krisefikser] [           main] c.g.k.security.JwtAuthorizationFilter    : No token found in request
2025-05-09T18:28:08.839+02:00  INFO 56078 --- [krisefikser] [           main] c.g.k.c.PointOfInterestController        : Received request to add a new point of interest
2025-05-09T18:28:08.839+02:00 ERROR 56078 --- [krisefikser] [           main] c.g.k.c.PointOfInterestController        : Unexpected error: Something went wrong.
]]></system-out>
  </testcase>
  <testcase name="addPointOfInterest_invalidRequest_returnsBadRequest" classname="com.group7.krisefikser.controller.PointOfInterestControllerTest" time="0.005">
    <system-out><![CDATA[2025-05-09T18:28:08.845+02:00  INFO 56078 --- [krisefikser] [           main] c.g.k.security.JwtAuthorizationFilter    : JWTAuthorizationFilter called for URI: /api/point-of-interest
2025-05-09T18:28:08.845+02:00  WARN 56078 --- [krisefikser] [           main] c.g.k.security.JwtAuthorizationFilter    : No token found in request
2025-05-09T18:28:08.846+02:00  INFO 56078 --- [krisefikser] [           main] c.g.k.c.PointOfInterestController        : Received request to add a new point of interest
2025-05-09T18:28:08.846+02:00 ERROR 56078 --- [krisefikser] [           main] c.g.krisefikser.utils.ValidationUtils    : Validation failed: Longitude cannot be null, Latitude cannot be null, Type cannot be null
]]></system-out>
  </testcase>
  <testcase name="addPointOfInterest_unauthorized_returnsForbidden" classname="com.group7.krisefikser.controller.PointOfInterestControllerTest" time="0.006">
    <system-out><![CDATA[2025-05-09T18:28:08.853+02:00  INFO 56078 --- [krisefikser] [           main] c.g.k.security.JwtAuthorizationFilter    : JWTAuthorizationFilter called for URI: /api/point-of-interest
2025-05-09T18:28:08.853+02:00  WARN 56078 --- [krisefikser] [           main] c.g.k.security.JwtAuthorizationFilter    : No token found in request
]]></system-out>
  </testcase>
  <testcase name="updatePointOfInterest_validRequest_returnsOk" classname="com.group7.krisefikser.controller.PointOfInterestControllerTest" time="0.006">
    <system-out><![CDATA[2025-05-09T18:28:08.857+02:00  INFO 56078 --- [krisefikser] [           main] c.g.k.security.JwtAuthorizationFilter    : JWTAuthorizationFilter called for URI: /api/point-of-interest/1
2025-05-09T18:28:08.857+02:00  WARN 56078 --- [krisefikser] [           main] c.g.k.security.JwtAuthorizationFilter    : No token found in request
2025-05-09T18:28:08.858+02:00  INFO 56078 --- [krisefikser] [           main] c.g.k.c.PointOfInterestController        : Received request to update point of interest with ID: 1
2025-05-09T18:28:08.859+02:00  INFO 56078 --- [krisefikser] [           main] c.g.k.c.PointOfInterestController        : Successfully updated point of interest with ID: 1
]]></system-out>
  </testcase>
  <testcase name="getPointsOfInterest_shouldReturnOkWithEmptyList_whenServiceReturnsEmptyList" classname="com.group7.krisefikser.controller.PointOfInterestControllerTest" time="0.016">
    <system-out><![CDATA[2025-05-09T18:28:08.867+02:00  INFO 56078 --- [krisefikser] [           main] c.g.k.security.JwtAuthorizationFilter    : JWTAuthorizationFilter called for URI: /api/point-of-interest
2025-05-09T18:28:08.867+02:00  WARN 56078 --- [krisefikser] [           main] c.g.k.security.JwtAuthorizationFilter    : No token found in request
2025-05-09T18:28:08.869+02:00  INFO 56078 --- [krisefikser] [           main] c.g.k.c.PointOfInterestController        : Received request to get points of interest with types: null
2025-05-09T18:28:08.869+02:00  INFO 56078 --- [krisefikser] [           main] c.g.k.c.PointOfInterestController        : Successfully retrieved points of interest
]]></system-out>
  </testcase>
  <testcase name="deletePointOfInterest_invalidId_returnsBadRequest" classname="com.group7.krisefikser.controller.PointOfInterestControllerTest" time="0.005">
    <system-out><![CDATA[2025-05-09T18:28:08.880+02:00  INFO 56078 --- [krisefikser] [           main] c.g.k.security.JwtAuthorizationFilter    : JWTAuthorizationFilter called for URI: /api/point-of-interest/1
2025-05-09T18:28:08.880+02:00  WARN 56078 --- [krisefikser] [           main] c.g.k.security.JwtAuthorizationFilter    : No token found in request
2025-05-09T18:28:08.881+02:00  INFO 56078 --- [krisefikser] [           main] c.g.k.c.PointOfInterestController        : Received request to delete point of interest with ID: 1
2025-05-09T18:28:08.881+02:00  INFO 56078 --- [krisefikser] [           main] c.g.k.c.PointOfInterestController        : Error deleting point of interest: ID must be a positive number.
]]></system-out>
  </testcase>
</testsuite>