<?xml version="1.0" encoding="UTF-8"?>
<testsuite xmlns:xsi="http://www.w3.org/2001/XMLSchema-instance" xsi:noNamespaceSchemaLocation="https://maven.apache.org/surefire/maven-surefire-plugin/xsd/surefire-test-report-3.0.xsd" version="3.0" name="JuliaTransformTest$constructorTests" time="0.003" tests="5" errors="0" skipped="0" failures="0">
  <properties>
[...]
</properties>
  <testcase name="testConstructorNegative2" classname="JuliaTransformTest$constructorTests" time="0.001"/>
  <testcase name="testConstructorNegative3" classname="JuliaTransformTest$constructorTests" time="0.001"/>
  <testcase name="testConstructor2" classname="JuliaTransformTest$constructorTests" time="0.0"/>
  <testcase name="testConstructorNegative" classname="JuliaTransformTest$constructorTests" time="0.001"/>
  <testcase name="testConstructor" classname="JuliaTransformTest$constructorTests" time="0.0"/>
</testsuite>